---------------------------------------------------
M.U.G.E.N ver 1.1.0 Beta 1 P1 (2013.08.11) status log
---------------------------------------------------
Parsing command line...
Command line: C:\Users\Brony MX\Desktop\Mugen Light Works 1.1\mugen.exe
Parse command line OK
Initializing...
Allocating game variables
Reading configuration file...Setting language "en".
OK
Initializing timer...performance timer enabled...frequency 1557460...OK
Initializing keyboard...configuring...OK
Initializing input engine...OK
Initializing sound...OK
Initializing BGM...  OK
Initializing graphics...gameCoord 640x480...render mode 0_0...trying 640x480x16 mode 0x0...success...OK
Setting callbacks...OK
Initializing font...OK
Initializing game variables...OK
Session RNG seed is 1472274404
Loading system fonts...OK
Loading options...
Initializing pads...failed
Reinitializing input engine...OK
Remapping keys...OK
Reinitializing input engine...OK
Options loaded OK
Loading system...
  Load system file system.def...OK
  Load system spr...OK
  Load system snd...OK
  Load system fonts...OK
  Load system anim...OK
  Load [Title Info]...OK
  Load [Option Info]...OK
  Load [Select Info]...OK
  Load [VS Screen]...OK
  Load [Victory Screen]...OK
  Load [Demo Mode]...OK
  Load [Continue Screen]...OK
  Load [Game Over Screen]...OK
  Load [Win Screen]...OK
  Load [Survival Results Screen]...OK
  Load [Default Ending]...OK
  Load [End Credits]...OK
  Load TitleBG...VersusBG...VictoryBG...SelectBG...OptionBG...OK
  Loading fight data
    Opening fight data file data/mugen1/LW-Bars/LW-FIGHT.def...OK
    Reading [Files]...OK
    Loading fonts...OK
    Load fight anim...OK
    Reading [Lifebar]...[Turns Lifebar]...[Simul Lifebar]...[Powerbar]...
    [Face]...[Simul Face]...[Turns Face]...
    [Name]...[Simul Name]...[Turns Name]...
    [Time]...[Combo]...[Round]...[WinIcon]...OK
    Allocating explods...OK
  Fight data loaded OK
Lua initing
Lua init complete
System loaded OK
Initialize OK
Set up graphics...timer...OK

Entering gameflow loop
Gameflow 0
Gameflow 1
Playing storyboard LW-INTRO.def: scene
Unloading match assets
Freeing players
Game loop init
Game loop deinit
Finished playing storyboard LW-INTRO.def: scene
Gameflow 2
Initializing character info...OK
Initializing select screen...finding characters...
  Error reading character file: chars/<BLANK>/<BLANK>.def

  Error reading character file: chars/<BLANK>/<BLANK>.def

  Error reading character file: chars/<BLANK>/<BLANK>.def

  Error reading character file: chars/<BLANK>/<BLANK>.def

  Error reading character file: chars/<BLANK>/<BLANK>.def

  Error reading character file: chars/<BLANK>/<BLANK>.def

  Error reading character file: chars/<BLANK>/<BLANK>.def

  Error reading character file: chars/<BLANK>/<BLANK>.def

  Error reading character file: chars/<BLANK>/<BLANK>.def

  Error reading character file: chars/<BLANK>/<BLANK>.def

  Error reading character file: chars/<BLANK>/<BLANK>.def

  Error reading character file: chars/<BLANK>/<BLANK>.def

  Error reading character file: chars/<BLANK>/<BLANK>.def

  Error reading character file: chars/<BLANK>/<BLANK>.def

  Error reading character file: chars/<BLANK>/<BLANK>.def

  Error reading character file: chars/<BLANK>/<BLANK>.def

  Error reading character file: chars/<BLANK>/<BLANK>.def

  Error reading character file: chars/<BLANK>/<BLANK>.def

  Error reading character file: chars/<BLANK>/<BLANK>.def

  Error reading character file: chars/<BLANK>/<BLANK>.def

  Error reading character file: chars/<BLANK>/<BLANK>.def

  Error reading character file: chars/<BLANK>/<BLANK>.def

  Error reading character file: chars/<BLANK>/<BLANK>.def

  Error reading character file: chars/<BLANK>/<BLANK>.def

  Error reading character file: chars/<BLANK>/<BLANK>.def

  Error reading character file: chars/<BLANK>/<BLANK>.def

  Error reading character file: chars/<BLANK>/<BLANK>.def

  Error reading character file: chars/<BLANK>/<BLANK>.def

  Error reading character file: chars/<BLANK>/<BLANK>.def

  Error reading character file: chars/<BLANK>/<BLANK>.def

  Error reading character file: chars/<BLANK>/<BLANK>.def

  Error reading character file: chars/<BLANK>/<BLANK>.def

  Error reading character file: chars/<BLANK>/<BLANK>.def

  Error reading character file: chars/<BLANK>/<BLANK>.def

  Error reading character file: chars/<BLANK>/<BLANK>.def

  Error reading character file: chars/<BLANK>/<BLANK>.def

  Error reading character file: chars/<BLANK>/<BLANK>.def

  Error reading character file: chars/<BLANK>/<BLANK>.def

  Error reading character file: chars/<BLANK>/<BLANK>.def

  Error reading character file: chars/<BLANK>/<BLANK>.def

  Error reading character file: chars/<BLANK>/<BLANK>.def

  Error reading character file: chars/<BLANK>/<BLANK>.def

  Error reading character file: chars/<BLANK>/<BLANK>.def

  Error reading character file: chars/<BLANK>/<BLANK>.def

  Error reading character file: chars/<BLANK>/<BLANK>.def

  Error reading character file: chars/<BLANK>/<BLANK>.def

  Error reading character file: chars/<BLANK>/<BLANK>.def

  Error reading character file: chars/<BLANK>/<BLANK>.def

  Error reading character file: chars/<BLANK>/<BLANK>.def

  Error reading character file: chars/<BLANK>/<BLANK>.def

  Error reading character file: chars/<BLANK>/<BLANK>.def

  Error reading character file: chars/<BLANK>/<BLANK>.def

  Error reading character file: chars/<BLANK>/<BLANK>.def

  Error reading character file: chars/<BLANK>/<BLANK>.def

  Error reading character file: chars/<BLANK>/<BLANK>.def

  Error reading character file: chars/<BLANK>/<BLANK>.def

  Error reading character file: chars/<BLANK>/<BLANK>.def

  Error reading character file: chars/<BLANK>/<BLANK>.def

  Error reading character file: chars/<BLANK>/<BLANK>.def

  Error reading character file: chars/<BLANK>/<BLANK>.def

  Error reading character file: chars/<BLANK>/<BLANK>.def

  Error reading character file: chars/<BLANK>/<BLANK>.def

  Error reading character file: chars/<BLANK>/<BLANK>.def

  Error reading character file: chars/<BLANK>/<BLANK>.def

  Error reading character file: chars/<BLANK>/<BLANK>.def

  Error reading character file: chars/<BLANK>/<BLANK>.def

  Error reading character file: chars/<BLANK>/<BLANK>.def

  Error reading character file: chars/<BLANK>/<BLANK>.def

  Error reading character file: chars/<BLANK>/<BLANK>.def

  Error reading character file: chars/<BLANK>/<BLANK>.def

  Error reading character file: chars/<BLANK>/<BLANK>.def

  Error reading character file: chars/<BLANK>/<BLANK>.def

  Error reading character file: chars/<BLANK>/<BLANK>.def

  Error reading character file: chars/<BLANK>/<BLANK>.def

  Error reading character file: chars/<BLANK>/<BLANK>.def

  Error reading character file: chars/<BLANK>/<BLANK>.def

  Error reading character file: chars/<BLANK>/<BLANK>.def

  Error reading character file: chars/<BLANK>/<BLANK>.def

  Error reading character file: chars/<BLANK>/<BLANK>.def

  Error reading character file: chars/<BLANK>/<BLANK>.def

  Error reading character file: chars/<BLANK>/<BLANK>.def

  Error reading character file: chars/<BLANK>/<BLANK>.def

  Error reading character file: chars/<BLANK>/<BLANK>.def

  Error reading character file: chars/<BLANK>/<BLANK>.def

  Error reading character file: chars/<BLANK>/<BLANK>.def

  Error reading character file: chars/<BLANK>/<BLANK>.def

  Error reading character file: chars/<BLANK>/<BLANK>.def

  Error reading character file: chars/<BLANK>/<BLANK>.def

  Error reading character file: chars/empty/empty.def

  Error reading character file: chars/empty/empty.def

  Error reading character file: chars/empty/empty.def

  Error reading character file: chars/empty/empty.def

  Error reading character file: chars/empty/empty.def

  Error reading character file: chars/empty/empty.def

  Error reading character file: chars/empty/empty.def

  Error reading character file: chars/empty/empty.def

  Error reading character file: chars/empty/empty.def

  Error reading character file: chars/empty/empty.def

  Error reading character file: chars/empty/empty.def

  Error reading character file: chars/<BLANK>/<BLANK>.def

  Error reading character file: chars/<BLANK>/<BLANK>.def

  Error reading character file: chars/<BLANK>/<BLANK>.def

  Error reading character file: chars/<BLANK>/<BLANK>.def

  Error reading character file: chars/<BLANK>/<BLANK>.def

  Error reading character file: chars/<BLANK>/<BLANK>.def

  Error reading character file: chars/<BLANK>/<BLANK>.def

  Error reading character file: chars/<BLANK>/<BLANK>.def

  Error reading character file: chars/empty/empty.def

  Error reading character file: chars/empty/empty.def

  Error reading character file: chars/empty/empty.def

  Error reading character file: chars/empty/empty.def

  Error reading character file: chars/empty/empty.def

  Error reading character file: chars/empty/empty.def

  Error reading character file: chars/empty/empty.def

  Error reading character file: chars/empty/empty.def

  Error reading character file: chars/empty/empty.def

  Error reading character file: chars/empty/empty.def

  Error reading character file: chars/empty/empty.def

  Error reading character file: chars/empty/empty.def

  Error reading character file: chars/empty/empty.def

  Error reading character file: chars/empty/empty.def

  Error reading character file: chars/empty/empty.def

  Error reading character file: chars/empty/empty.def

  Error reading character file: chars/empty/empty.def

  Error reading character file: chars/empty/empty.def

  Error reading character file: chars/empty/empty.def

  Error reading character file: chars/empty/empty.def

  Error reading character file: chars/empty/empty.def

  Error reading character file: chars/empty/empty.def

  Error reading character file: chars/empty/empty.def

  Error reading character file: chars/empty/empty.def

  Error reading character file: chars/empty/empty.def

  Error reading character file: chars/empty/empty.def

  Error reading character file: chars/empty/empty.def

  Error reading character file: chars/empty/empty.def

  Error reading character file: chars/empty/empty.def

  Error reading character file: chars/empty/empty.def

  Error reading character file: chars/empty/empty.def

  Error reading character file: chars/empty/empty.def

  Error reading character file: chars/empty/empty.def

  Error reading character file: chars/empty/empty.def

  Error reading character file: chars/empty/empty.def

  Error reading character file: chars/empty/empty.def

  Error reading character file: chars/empty/empty.def

  Error reading character file: chars/empty/empty.def

  Error reading character file: chars/empty/empty.def

  Error reading character file: chars/empty/empty.def

  Error reading character file: chars/empty/empty.def

  Error reading character file: chars/empty/empty.def

  Error reading character file: chars/empty/empty.def

  Error reading character file: chars/empty/empty.def

  Error reading character file: chars/empty/empty.def

  Error reading character file: chars/empty/empty.def

  Error reading character file: chars/empty/empty.def

  Error reading character file: chars/empty/empty.def

  Error reading character file: chars/empty/empty.def

  Error reading character file: chars/empty/empty.def

  Error reading character file: chars/empty/empty.def

  Error reading character file: chars/empty/empty.def

  Error reading character file: chars/empty/empty.def

  Error reading character file: chars/empty/empty.def

  Error reading character file: chars/empty/empty.def

  Error reading character file: chars/empty/empty.def

  Error reading character file: chars/empty/empty.def

  Error reading character file: chars/empty/empty.def

  Error reading character file: chars/empty/empty.def

  Error reading character file: chars/empty/empty.def

  Error reading character file: chars/empty/empty.def

  Error reading character file: chars/empty/empty.def

  Error reading character file: chars/empty/empty.def

  Error reading character file: chars/empty/empty.def

  Error reading character file: chars/empty/empty.def

  Error reading character file: chars/empty/empty.def

  Error reading character file: chars/empty/empty.def

  Error reading character file: chars/empty/empty.def

  Error reading character file: chars/empty/empty.def
OK
Gameflow 3
Playing storyboard LW-TITLE.def: scene
Unloading match assets
Freeing players
Game loop init
Game loop deinit
Finished playing storyboard LW-TITLE.def: scene
Gameflow 4
Entering mode select.
Unloading match assets
Freeing players
Game loop init
Mode select init
End of mode select loop
Game loop deinit
Gameflow 5
Entering options screen.
Unloading match assets
Freeing players
Game loop init
Options screen init
End of options screen loop
Game loop deinit
Gameflow 4
Entering mode select.
Unloading match assets
Freeing players
Game loop init
Mode select init
End of mode select loop
Game loop deinit
Gameflow 6
Reset persist vars team 0
Reset persist vars team 1
Gameflow 7
Entering character select.
Unloading match assets
Freeing players
Game loop init
Unreserved all palettes
Charsel init
Selected char 0 on teamslot 0.0
Char Ryu Alpha.def (0) request pal 0 FFF (FFF) -> reserved 0 (FFE)
Loading character chars/Ryu Alpha/Ryu Alpha.def...
  Loading info...Info: Alpha Ryu loading in pre-1.0 compatible mode
OK
  Loading cmd command set ryuDX.cmd...OK
  Loading cns ryuDX.cns...OK
  Loading cns RyuDX_common.cns...OK
  Loading cmd state entry ryuDX.cmd...OK
  Loading common states common1.cns...OK
  Loading sff ryuDX.sff...OK
  Loading anim ryuDX.air...OK
  Loading snd ryuDX.snd...Selected char 1 on teamslot 1.0
Char Ken Alpha.def (1) request pal 3 FFF (FFF) -> reserved 3 (FF7)
OK
  Loading pals...(1,1)(1,2)(1,3)(1,4)(1,5)(1,6)(1,7)(1,8)(1,9)(1,10)(1,11)(1,12)OK
  SFF v1.01 palette hack engaged.
  19587 expressions (4975 on trigger lines)
Character Ryu Alpha.def loaded OK
New char Ryu loaded into cache: (1/6 cached) Load time: 3530.000ms
Loading character chars/Ken Alpha/Ken Alpha.def...
  Loading info...Info: Alpha Ken loading in pre-1.0 compatible mode
OK
  Loading cmd command set KenDX.cmd...OK
  Loading cns KenDX.cns...OK
  Loading cns KenDX_common.cns...OK
  Loading cmd state entry KenDX.cmd...OK
  Loading common states common1.cns...OK
  Loading sff KenDX.sff...OK
  Loading anim KenDX.air...OK
  Loading snd KenDX.snd...OK
  Loading pals...(1,1)(1,2)(1,3)(1,4)(1,5)(1,6)(1,7)(1,8)(1,9)(1,10)(1,11)(1,12)OK
  SFF v1.01 palette hack engaged.
  16237 expressions (4360 on trigger lines)
Character Ken Alpha.def loaded OK
New char Ken loaded into cache: (2/6 cached) Load time: 1610.000ms
Player Ryu cache count reduced: 0
Player Ken cache count reduced: 0
End of charsel loop
Game loop deinit
Gameflow 8
Gameflow 9
Gameflow 10
Entering versus screen.
Unloading match assets
Freeing players
Game loop init
Versus screen init
End of versus screen loop
Game loop deinit
Gameflow 11
Loading match assets...
Loading stage...
  Loading BG...OK
Stage loaded OK
  Allocating helpers...OK
Match RNG seed: 1565538559
Reset persist vars team 0
Reset persist vars team 1
Player Ryu cache count increased: 1
Player Ken cache count increased: 1
Resetting round
Match assets initialized OK
Game loop init
Match loop init
End of match loop
Total time: 84.18s
Total frames: 6298 	Skipped frames: 1909
Avg game rate: 74.82
Avg frame rate: 52.14

Finishing match
Freeing players
Save persist vars P56 Ryu
Player Ryu cache count reduced: 0
Save persist vars P57 Ken
Player Ken cache count reduced: 0
Match RNG closed
Game loop deinit
Gameflow 6
Reset persist vars team 0
Reset persist vars team 1
Gameflow 7
Entering character select.
Unloading match assets
Freeing players
Unloading stage...OK
Game loop init
Unreserved all palettes
Charsel init
Game loop deinit
Canceled character select.
Gameflow 4
Entering mode select.
Unloading match assets
Freeing players
Game loop init
Mode select init
End of mode select loop
Game loop deinit
Returned from gameflow loop
Deinitializing...
Frames      : 9292
Time elapsed: 134.890 sec
ticks: 13489, tps: 100, start 262, end 13751

Unloading match assets
Freeing players
Clearing player cache...Freeing player RC Ryu...CMD...CNS...SFF...AIR...SND...Misc...OK
Freeing player RC Ken...CMD...CNS...SFF...AIR...SND...Misc...OK
OK
Freeing character info...OK
Freeing select screen...OK
Freeing fight data...OK
Freeing system data...OK
Freeing game variables...Unloading match assets
Freeing players
OK
Deinitializing input...pad...keyboard...OK
Removing callbacks...OK
Deintializing timer...OK
Deinitializing graphics...OK
Deinitializing BGM...OK
Deinitializing sound...OK
Successful program termination.

Log file successfully closed.
